2024-10-10 16:16:03 - INFO - Logging configurado com sucesso.
2024-10-10 16:16:03 - INFO - Iniciando aplicação URLShortener
2024-10-10 16:16:03 - DEBUG - Interface do usuário inicializada
2024-10-10 16:16:03 - INFO - URLShortenerApp iniciado
2024-10-10 16:16:49 - INFO - Logging configurado com sucesso.
2024-10-10 16:16:49 - INFO - Iniciando aplicação URLShortener
2024-10-10 16:16:49 - DEBUG - Interface do usuário inicializada
2024-10-10 16:16:49 - INFO - URLShortenerApp iniciado
2024-10-10 16:16:57 - DEBUG - Tentando encurtar URL: www.uol.com.br
2024-10-10 16:16:57 - DEBUG - Tentando conexão HTTPS com TinyURL
2024-10-10 16:16:57 - DEBUG - Starting new HTTPS connection (1): tinyurl.com:443
2024-10-10 16:17:07 - DEBUG - https://tinyurl.com:443 "GET /api-create.php?url=www.uol.com.br HTTP/11" 200 None
2024-10-10 16:17:07 - INFO - URL encurtada com sucesso usando TinyURL: https://tinyurl.com/yz2m4um
2024-10-10 16:17:07 - DEBUG - Tentando encurtar URL com serviços alternativos: www.uol.com.br
2024-10-10 16:17:07 - DEBUG - Starting new HTTPS connection (1): osdb.link:443
2024-10-10 16:17:07 - DEBUG - https://osdb.link:443 "POST / HTTP/11" 200 None
2024-10-10 16:17:07 - INFO - URL encurtada com sucesso usando osdb (HTTPS): http://osdb.link/6wpjr
2024-10-10 16:17:15 - DEBUG - Tentando encurtar URL: www.cnn.com
2024-10-10 16:17:15 - DEBUG - Tentando conexão HTTPS com TinyURL
2024-10-10 16:17:15 - DEBUG - Starting new HTTPS connection (1): tinyurl.com:443
2024-10-10 16:17:15 - DEBUG - https://tinyurl.com:443 "GET /api-create.php?url=www.cnn.com HTTP/11" 200 None
2024-10-10 16:17:15 - INFO - URL encurtada com sucesso usando TinyURL: https://tinyurl.com/yzvks5s
2024-10-10 16:17:15 - DEBUG - Tentando encurtar URL com serviços alternativos: www.cnn.com
2024-10-10 16:17:15 - DEBUG - Starting new HTTPS connection (1): osdb.link:443
2024-10-10 16:17:16 - DEBUG - https://osdb.link:443 "POST / HTTP/11" 200 None
2024-10-10 16:17:16 - INFO - URL encurtada com sucesso usando osdb (HTTPS): http://osdb.link/a2952
2024-10-10 16:17:27 - DEBUG - Tentando encurtar URL: www.cisco.com
2024-10-10 16:17:27 - DEBUG - Tentando conexão HTTPS com TinyURL
2024-10-10 16:17:27 - DEBUG - Starting new HTTPS connection (1): tinyurl.com:443
2024-10-10 16:17:27 - DEBUG - https://tinyurl.com:443 "GET /api-create.php?url=www.cisco.com HTTP/11" 200 None
2024-10-10 16:17:27 - INFO - URL encurtada com sucesso usando TinyURL: https://tinyurl.com/98t
2024-10-10 16:17:27 - DEBUG - Tentando encurtar URL com serviços alternativos: www.cisco.com
2024-10-10 16:17:27 - DEBUG - Starting new HTTPS connection (1): osdb.link:443
2024-10-10 16:17:27 - DEBUG - https://osdb.link:443 "POST / HTTP/11" 200 None
2024-10-10 16:17:27 - INFO - URL encurtada com sucesso usando osdb (HTTPS): http://osdb.link/6wnxx
