2024-10-11 11:37:07 - INFO - Logging configurado com sucesso.
2024-10-11 11:37:07 - INFO - Iniciando aplicação URLShortener
2024-10-11 11:37:07 - DEBUG - Interface do usuário inicializada
2024-10-11 11:37:07 - INFO - URLShortenerApp iniciado
2024-10-11 11:37:20 - DEBUG - Tentando encurtar URL: https://teams.microsoft.com/l/meetup-join/19%3Ameeting_ZDNkMmM4NTktOTYyNC00ODJiLTk2YzItMzdhYzJjMjViNDky%40thread.v2/0?context=%7B%22Tid%22%3A%223590422d-8e59-4036-9245-d6edd8cc0f7a%22%2C%22Oid%22%3A%22fe62638f-2f4f-41cc-b20f-dc91c9c4250d%22%7D
2024-10-11 11:37:20 - DEBUG - Tentando conexão HTTPS com TinyURL
2024-10-11 11:37:20 - DEBUG - Starting new HTTPS connection (1): tinyurl.com:443
2024-10-11 11:37:21 - DEBUG - https://tinyurl.com:443 "GET /api-create.php?url=https%3A%2F%2Fteams.microsoft.com%2Fl%2Fmeetup-join%2F19%253Ameeting_ZDNkMmM4NTktOTYyNC00ODJiLTk2YzItMzdhYzJjMjViNDky%2540thread.v2%2F0%3Fcontext%3D%257B%2522Tid%2522%253A%25223590422d-8e59-4036-9245-d6edd8cc0f7a%2522%252C%2522Oid%2522%253A%2522fe62638f-2f4f-41cc-b20f-dc91c9c4250d%2522%257D HTTP/11" 200 None
2024-10-11 11:37:21 - INFO - URL encurtada com sucesso usando TinyURL: https://tinyurl.com/23ruyf35
2024-10-11 11:37:21 - DEBUG - Tentando encurtar URL com serviços alternativos: https://teams.microsoft.com/l/meetup-join/19%3Ameeting_ZDNkMmM4NTktOTYyNC00ODJiLTk2YzItMzdhYzJjMjViNDky%40thread.v2/0?context=%7B%22Tid%22%3A%223590422d-8e59-4036-9245-d6edd8cc0f7a%22%2C%22Oid%22%3A%22fe62638f-2f4f-41cc-b20f-dc91c9c4250d%22%7D
2024-10-11 11:37:21 - DEBUG - Starting new HTTPS connection (1): osdb.link:443
2024-10-11 11:37:22 - DEBUG - https://osdb.link:443 "POST / HTTP/11" 200 None
2024-10-11 11:37:22 - INFO - URL encurtada com sucesso usando osdb (HTTPS): http://osdb.link/qcmfn
2024-10-11 11:38:00 - DEBUG - Tentando encurtar URL: https://teams.microsoft.com/l/meetup-join/19%3ameeting_NWE3NWU2ZjEtYTQ0Ni00NGFlLWIxZTctMjQxM2M5N2I4YzNm%40thread.v2/0?context=%7b%22Tid%22%3a%223590422d-8e59-4036-9245-d6edd8cc0f7a%22%2c%22Oid%22%3a%22fe62638f-2f4f-41cc-b20f-dc91c9c4250d%22%7d
2024-10-11 11:38:00 - DEBUG - Tentando conexão HTTPS com TinyURL
2024-10-11 11:38:00 - DEBUG - Starting new HTTPS connection (1): tinyurl.com:443
2024-10-11 11:38:00 - DEBUG - https://tinyurl.com:443 "GET /api-create.php?url=https%3A%2F%2Fteams.microsoft.com%2Fl%2Fmeetup-join%2F19%253ameeting_NWE3NWU2ZjEtYTQ0Ni00NGFlLWIxZTctMjQxM2M5N2I4YzNm%2540thread.v2%2F0%3Fcontext%3D%257b%2522Tid%2522%253a%25223590422d-8e59-4036-9245-d6edd8cc0f7a%2522%252c%2522Oid%2522%253a%2522fe62638f-2f4f-41cc-b20f-dc91c9c4250d%2522%257d HTTP/11" 200 None
2024-10-11 11:38:00 - INFO - URL encurtada com sucesso usando TinyURL: https://tinyurl.com/25s7q6ko
2024-10-11 11:38:00 - DEBUG - Tentando encurtar URL com serviços alternativos: https://teams.microsoft.com/l/meetup-join/19%3ameeting_NWE3NWU2ZjEtYTQ0Ni00NGFlLWIxZTctMjQxM2M5N2I4YzNm%40thread.v2/0?context=%7b%22Tid%22%3a%223590422d-8e59-4036-9245-d6edd8cc0f7a%22%2c%22Oid%22%3a%22fe62638f-2f4f-41cc-b20f-dc91c9c4250d%22%7d
2024-10-11 11:38:00 - DEBUG - Starting new HTTPS connection (1): osdb.link:443
2024-10-11 11:38:01 - DEBUG - https://osdb.link:443 "POST / HTTP/11" 200 None
2024-10-11 11:38:01 - INFO - URL encurtada com sucesso usando osdb (HTTPS): http://osdb.link/qcm93
2024-10-11 11:39:34 - DEBUG - Tentando encurtar URL: https%3A%2F%2Fteams.microsoft.com%2Fl%2Fmeetup-join%2F19%253ameeting_M2FlM2MxN2EtYjA5Yi00YmVjLWFmZTEtOTg3MmU4YWFjNGJj%2540thread.v2%2F0%3Fcontext%3D%257b%2522Tid%2522%253a%25223590422d-8e59-4036-9245-d6edd8cc0f7a%2522%252c%2522Oid%2522%253a%2522fe62638f-2f4f-41cc-b20f-dc91c9c4250d%2522%257d
2024-10-11 11:39:34 - DEBUG - Tentando conexão HTTPS com TinyURL
2024-10-11 11:39:34 - DEBUG - Starting new HTTPS connection (1): tinyurl.com:443
2024-10-11 11:39:34 - DEBUG - https://tinyurl.com:443 "GET /api-create.php?url=https%253A%252F%252Fteams.microsoft.com%252Fl%252Fmeetup-join%252F19%25253ameeting_M2FlM2MxN2EtYjA5Yi00YmVjLWFmZTEtOTg3MmU4YWFjNGJj%252540thread.v2%252F0%253Fcontext%253D%25257b%252522Tid%252522%25253a%2525223590422d-8e59-4036-9245-d6edd8cc0f7a%252522%25252c%252522Oid%252522%25253a%252522fe62638f-2f4f-41cc-b20f-dc91c9c4250d%252522%25257d HTTP/11" 400 None
2024-10-11 11:39:34 - WARNING - Falha ao encurtar com https: 400 Client Error: Bad Request for url: https://tinyurl.com/api-create.php?url=https%253A%252F%252Fteams.microsoft.com%252Fl%252Fmeetup-join%252F19%25253ameeting_M2FlM2MxN2EtYjA5Yi00YmVjLWFmZTEtOTg3MmU4YWFjNGJj%252540thread.v2%252F0%253Fcontext%253D%25257b%252522Tid%252522%25253a%2525223590422d-8e59-4036-9245-d6edd8cc0f7a%252522%25252c%252522Oid%252522%25253a%252522fe62638f-2f4f-41cc-b20f-dc91c9c4250d%252522%25257d
2024-10-11 11:39:34 - DEBUG - HTTPS falhou. Tentando conexão HTTP com TinyURL
2024-10-11 11:39:34 - DEBUG - Starting new HTTP connection (1): tinyurl.com:80
2024-10-11 11:39:39 - DEBUG - http://tinyurl.com:80 "GET /api-create.php?url=https%253A%252F%252Fteams.microsoft.com%252Fl%252Fmeetup-join%252F19%25253ameeting_M2FlM2MxN2EtYjA5Yi00YmVjLWFmZTEtOTg3MmU4YWFjNGJj%252540thread.v2%252F0%253Fcontext%253D%25257b%252522Tid%252522%25253a%2525223590422d-8e59-4036-9245-d6edd8cc0f7a%252522%25252c%252522Oid%252522%25253a%252522fe62638f-2f4f-41cc-b20f-dc91c9c4250d%252522%25257d HTTP/11" 400 None
2024-10-11 11:39:39 - WARNING - Falha ao encurtar com http: 400 Client Error: Bad Request for url: http://tinyurl.com/api-create.php?url=https%253A%252F%252Fteams.microsoft.com%252Fl%252Fmeetup-join%252F19%25253ameeting_M2FlM2MxN2EtYjA5Yi00YmVjLWFmZTEtOTg3MmU4YWFjNGJj%252540thread.v2%252F0%253Fcontext%253D%25257b%252522Tid%252522%25253a%2525223590422d-8e59-4036-9245-d6edd8cc0f7a%252522%25252c%252522Oid%252522%25253a%252522fe62638f-2f4f-41cc-b20f-dc91c9c4250d%252522%25257d
2024-10-11 11:39:39 - ERROR - Não foi possível encurtar a URL com TinyURL
2024-10-11 11:39:39 - DEBUG - Tentando encurtar URL com serviços alternativos: https%3A%2F%2Fteams.microsoft.com%2Fl%2Fmeetup-join%2F19%253ameeting_M2FlM2MxN2EtYjA5Yi00YmVjLWFmZTEtOTg3MmU4YWFjNGJj%2540thread.v2%2F0%3Fcontext%3D%257b%2522Tid%2522%253a%25223590422d-8e59-4036-9245-d6edd8cc0f7a%2522%252c%2522Oid%2522%253a%2522fe62638f-2f4f-41cc-b20f-dc91c9c4250d%2522%257d
2024-10-11 11:39:39 - DEBUG - Starting new HTTPS connection (1): osdb.link:443
2024-10-11 11:39:39 - DEBUG - https://osdb.link:443 "POST / HTTP/11" 200 None
2024-10-11 11:39:39 - INFO - URL encurtada com sucesso usando osdb (HTTPS): http://osdb.link/qcmgh
2024-10-11 11:39:47 - DEBUG - Tentando encurtar URL: https://teams.microsoft.com/l/meetup-join/19%3ameeting_NWE3NWU2ZjEtYTQ0Ni00NGFlLWIxZTctMjQxM2M5N2I4YzNm%40thread.v2/0?context=%7b%22Tid%22%3a%223590422d-8e59-4036-9245-d6edd8cc0f7a%22%2c%22Oid%22%3a%22fe62638f-2f4f-41cc-b20f-dc91c9c4250d%22%7d
2024-10-11 11:39:47 - DEBUG - Tentando conexão HTTPS com TinyURL
2024-10-11 11:39:47 - DEBUG - Starting new HTTPS connection (1): tinyurl.com:443
2024-10-11 11:39:47 - DEBUG - https://tinyurl.com:443 "GET /api-create.php?url=https%3A%2F%2Fteams.microsoft.com%2Fl%2Fmeetup-join%2F19%253ameeting_NWE3NWU2ZjEtYTQ0Ni00NGFlLWIxZTctMjQxM2M5N2I4YzNm%2540thread.v2%2F0%3Fcontext%3D%257b%2522Tid%2522%253a%25223590422d-8e59-4036-9245-d6edd8cc0f7a%2522%252c%2522Oid%2522%253a%2522fe62638f-2f4f-41cc-b20f-dc91c9c4250d%2522%257d HTTP/11" 200 None
2024-10-11 11:39:47 - INFO - URL encurtada com sucesso usando TinyURL: https://tinyurl.com/25s7q6ko
2024-10-11 11:39:47 - DEBUG - Tentando encurtar URL com serviços alternativos: https://teams.microsoft.com/l/meetup-join/19%3ameeting_NWE3NWU2ZjEtYTQ0Ni00NGFlLWIxZTctMjQxM2M5N2I4YzNm%40thread.v2/0?context=%7b%22Tid%22%3a%223590422d-8e59-4036-9245-d6edd8cc0f7a%22%2c%22Oid%22%3a%22fe62638f-2f4f-41cc-b20f-dc91c9c4250d%22%7d
2024-10-11 11:39:47 - DEBUG - Starting new HTTPS connection (1): osdb.link:443
2024-10-11 11:39:48 - DEBUG - https://osdb.link:443 "POST / HTTP/11" 200 None
2024-10-11 11:39:48 - INFO - URL encurtada com sucesso usando osdb (HTTPS): http://osdb.link/qcm93
2024-10-11 11:55:10 - DEBUG - Tentando encurtar URL: https://teams.microsoft.com/l/meetup-join/19%3ameeting_NWE3NWU2ZjEtYTQ0Ni00NGFlLWIxZTctMjQxM2M5N2I4YzNm%40thread.v2/0?context=%7b%22Tid%22%3a%223590422d-8e59-4036-9245-d6edd8cc0f7a%22%2c%22Oid%22%3a%22fe62638f-2f4f-41cc-b20f-dc91c9c4250d%22%7d
2024-10-11 11:55:10 - DEBUG - Tentando conexão HTTPS com TinyURL
2024-10-11 11:55:10 - DEBUG - Starting new HTTPS connection (1): tinyurl.com:443
2024-10-11 11:55:10 - DEBUG - https://tinyurl.com:443 "GET /api-create.php?url=https%3A%2F%2Fteams.microsoft.com%2Fl%2Fmeetup-join%2F19%253ameeting_NWE3NWU2ZjEtYTQ0Ni00NGFlLWIxZTctMjQxM2M5N2I4YzNm%2540thread.v2%2F0%3Fcontext%3D%257b%2522Tid%2522%253a%25223590422d-8e59-4036-9245-d6edd8cc0f7a%2522%252c%2522Oid%2522%253a%2522fe62638f-2f4f-41cc-b20f-dc91c9c4250d%2522%257d HTTP/11" 200 None
2024-10-11 11:55:10 - INFO - URL encurtada com sucesso usando TinyURL: https://tinyurl.com/25s7q6ko
2024-10-11 11:55:10 - DEBUG - Tentando encurtar URL com serviços alternativos: https://teams.microsoft.com/l/meetup-join/19%3ameeting_NWE3NWU2ZjEtYTQ0Ni00NGFlLWIxZTctMjQxM2M5N2I4YzNm%40thread.v2/0?context=%7b%22Tid%22%3a%223590422d-8e59-4036-9245-d6edd8cc0f7a%22%2c%22Oid%22%3a%22fe62638f-2f4f-41cc-b20f-dc91c9c4250d%22%7d
2024-10-11 11:55:10 - DEBUG - Starting new HTTPS connection (1): osdb.link:443
2024-10-11 11:55:11 - DEBUG - https://osdb.link:443 "POST / HTTP/11" 200 None
2024-10-11 11:55:11 - INFO - URL encurtada com sucesso usando osdb (HTTPS): http://osdb.link/qcm93
2024-10-11 13:58:53 - INFO - Logging configurado com sucesso.
2024-10-11 13:58:53 - INFO - Iniciando aplicação URLShortener
2024-10-11 13:58:53 - DEBUG - Interface do usuário inicializada
2024-10-11 13:58:53 - INFO - URLShortenerApp iniciado
2024-10-11 14:00:24 - DEBUG - Tentando encurtar URL: www.uol.com.br
2024-10-11 14:00:24 - DEBUG - Tentando conexão HTTPS com TinyURL
2024-10-11 14:00:24 - DEBUG - Starting new HTTPS connection (1): tinyurl.com:443
2024-10-11 14:00:24 - DEBUG - https://tinyurl.com:443 "GET /api-create.php?url=www.uol.com.br HTTP/11" 200 None
2024-10-11 14:00:24 - INFO - URL encurtada com sucesso usando TinyURL: https://tinyurl.com/yz2m4um
2024-10-11 14:00:24 - DEBUG - Tentando encurtar URL com serviços alternativos: www.uol.com.br
2024-10-11 14:00:24 - DEBUG - Starting new HTTPS connection (1): osdb.link:443
2024-10-11 14:00:25 - DEBUG - https://osdb.link:443 "POST / HTTP/11" 200 None
2024-10-11 14:00:25 - INFO - URL encurtada com sucesso usando osdb (HTTPS): http://osdb.link/6wpjr
2024-10-11 14:03:06 - DEBUG - Tentando encurtar URL: www.cisco.com
2024-10-11 14:03:06 - DEBUG - Tentando conexão HTTPS com TinyURL
2024-10-11 14:03:06 - DEBUG - Starting new HTTPS connection (1): tinyurl.com:443
2024-10-11 14:03:07 - DEBUG - https://tinyurl.com:443 "GET /api-create.php?url=www.cisco.com HTTP/11" 200 None
2024-10-11 14:03:07 - INFO - URL encurtada com sucesso usando TinyURL: https://tinyurl.com/98t
2024-10-11 14:03:07 - DEBUG - Tentando encurtar URL com serviços alternativos: www.cisco.com
2024-10-11 14:03:07 - DEBUG - Starting new HTTPS connection (1): osdb.link:443
2024-10-11 14:03:07 - DEBUG - https://osdb.link:443 "POST / HTTP/11" 200 None
2024-10-11 14:03:07 - INFO - URL encurtada com sucesso usando osdb (HTTPS): http://osdb.link/6wnxx
2024-10-11 14:04:19 - INFO - Logging configurado com sucesso.
2024-10-11 14:04:19 - INFO - Iniciando aplicação URLShortener
2024-10-11 14:04:19 - DEBUG - Interface do usuário inicializada
2024-10-11 14:04:19 - INFO - URLShortenerApp iniciado
2024-10-11 14:04:26 - DEBUG - Tentando encurtar URL: www.uol.com.br
2024-10-11 14:04:26 - DEBUG - Tentando conexão HTTPS com TinyURL
2024-10-11 14:04:26 - DEBUG - Starting new HTTPS connection (1): tinyurl.com:443
2024-10-11 14:04:26 - DEBUG - https://tinyurl.com:443 "GET /api-create.php?url=www.uol.com.br HTTP/11" 200 None
2024-10-11 14:04:26 - INFO - URL encurtada com sucesso usando TinyURL: https://tinyurl.com/yz2m4um
2024-10-11 14:04:26 - DEBUG - Tentando encurtar URL com serviços alternativos: www.uol.com.br
2024-10-11 14:04:26 - DEBUG - Starting new HTTPS connection (1): osdb.link:443
2024-10-11 14:04:27 - DEBUG - https://osdb.link:443 "POST / HTTP/11" 200 None
2024-10-11 14:04:27 - INFO - URL encurtada com sucesso usando osdb (HTTPS): http://osdb.link/6wpjr
2024-10-11 15:06:50 - INFO - Logging configurado com sucesso.
2024-10-11 15:06:50 - INFO - Iniciando aplicação URLShortener
2024-10-11 15:06:50 - DEBUG - Interface do usuário inicializada
2024-10-11 15:06:50 - INFO - URLShortenerApp iniciado
2024-10-11 15:07:58 - DEBUG - Tentando encurtar URL: https://www.pulses.com.br/app/engage/survey?token=Njk4MzY0NGJlMmU5ZDE4OWI=&origin=Mw==&sg=MTgzMjk=#iss=https%3A%2F%2Fidp.app.gupy.io%2Frealms%2Fgupy&iss=https%3A%2F%2Fidp.app.gupy.io%2Frealms%2Fgupy&iss=https%3A%2F%2Fidp.app.gupy.io%2Frealms%2Fgupy
2024-10-11 15:07:58 - DEBUG - Tentando conexão HTTPS com TinyURL
2024-10-11 15:07:58 - DEBUG - Starting new HTTPS connection (1): tinyurl.com:443
2024-10-11 15:07:59 - DEBUG - https://tinyurl.com:443 "GET /api-create.php?url=https%3A%2F%2Fwww.pulses.com.br%2Fapp%2Fengage%2Fsurvey%3Ftoken%3DNjk4MzY0NGJlMmU5ZDE4OWI%3D%26origin%3DMw%3D%3D%26sg%3DMTgzMjk%3D%23iss%3Dhttps%253A%252F%252Fidp.app.gupy.io%252Frealms%252Fgupy%26iss%3Dhttps%253A%252F%252Fidp.app.gupy.io%252Frealms%252Fgupy%26iss%3Dhttps%253A%252F%252Fidp.app.gupy.io%252Frealms%252Fgupy HTTP/11" 200 None
2024-10-11 15:07:59 - INFO - URL encurtada com sucesso usando TinyURL: https://tinyurl.com/2yaj6r9c
2024-10-11 15:07:59 - DEBUG - Tentando encurtar URL com serviços alternativos: https://www.pulses.com.br/app/engage/survey?token=Njk4MzY0NGJlMmU5ZDE4OWI=&origin=Mw==&sg=MTgzMjk=#iss=https%3A%2F%2Fidp.app.gupy.io%2Frealms%2Fgupy&iss=https%3A%2F%2Fidp.app.gupy.io%2Frealms%2Fgupy&iss=https%3A%2F%2Fidp.app.gupy.io%2Frealms%2Fgupy
2024-10-11 15:07:59 - DEBUG - Starting new HTTPS connection (1): osdb.link:443
2024-10-11 15:08:00 - DEBUG - https://osdb.link:443 "POST / HTTP/11" 200 None
2024-10-11 15:08:00 - INFO - URL encurtada com sucesso usando osdb (HTTPS): http://osdb.link/qcpfh
2024-10-11 15:09:58 - DEBUG - Tentando encurtar URL: www.uol.com
2024-10-11 15:09:58 - DEBUG - Tentando conexão HTTPS com TinyURL
2024-10-11 15:09:58 - DEBUG - Starting new HTTPS connection (1): tinyurl.com:443
2024-10-11 15:09:58 - DEBUG - https://tinyurl.com:443 "GET /api-create.php?url=www.uol.com HTTP/11" 200 None
2024-10-11 15:09:58 - INFO - URL encurtada com sucesso usando TinyURL: https://tinyurl.com/r3qm
2024-10-11 15:09:58 - DEBUG - Tentando encurtar URL com serviços alternativos: www.uol.com
2024-10-11 15:09:58 - DEBUG - Starting new HTTPS connection (1): osdb.link:443
2024-10-11 15:09:59 - DEBUG - https://osdb.link:443 "POST / HTTP/11" 200 None
2024-10-11 15:09:59 - INFO - URL encurtada com sucesso usando osdb (HTTPS): http://osdb.link/qc33g
2024-10-11 15:10:27 - DEBUG - Tentando encurtar URL: www.uol.com
2024-10-11 15:10:27 - DEBUG - Tentando conexão HTTPS com TinyURL
2024-10-11 15:10:27 - DEBUG - Starting new HTTPS connection (1): tinyurl.com:443
2024-10-11 15:10:27 - DEBUG - https://tinyurl.com:443 "GET /api-create.php?url=www.uol.com HTTP/11" 200 None
2024-10-11 15:10:27 - INFO - URL encurtada com sucesso usando TinyURL: https://tinyurl.com/r3qm
2024-10-11 15:10:27 - DEBUG - Tentando encurtar URL com serviços alternativos: www.uol.com
2024-10-11 15:10:27 - DEBUG - Starting new HTTPS connection (1): osdb.link:443
2024-10-11 15:10:28 - DEBUG - https://osdb.link:443 "POST / HTTP/11" 200 None
2024-10-11 15:10:28 - INFO - URL encurtada com sucesso usando osdb (HTTPS): http://osdb.link/qc33g
2024-10-11 15:10:42 - DEBUG - Tentando encurtar URL: www.uol.com.br
2024-10-11 15:10:42 - DEBUG - Tentando conexão HTTPS com TinyURL
2024-10-11 15:10:42 - DEBUG - Starting new HTTPS connection (1): tinyurl.com:443
2024-10-11 15:10:43 - DEBUG - https://tinyurl.com:443 "GET /api-create.php?url=www.uol.com.br HTTP/11" 200 None
2024-10-11 15:10:43 - INFO - URL encurtada com sucesso usando TinyURL: https://tinyurl.com/yz2m4um
2024-10-11 15:10:43 - DEBUG - Tentando encurtar URL com serviços alternativos: www.uol.com.br
2024-10-11 15:10:43 - DEBUG - Starting new HTTPS connection (1): osdb.link:443
2024-10-11 15:10:43 - DEBUG - https://osdb.link:443 "POST / HTTP/11" 200 None
2024-10-11 15:10:43 - INFO - URL encurtada com sucesso usando osdb (HTTPS): http://osdb.link/6wpjr
